<?xml version="1.0" encoding="UTF-8"?>
<testsuite xmlns:xsi="http://www.w3.org/2001/XMLSchema-instance" xsi:noNamespaceSchemaLocation="https://maven.apache.org/surefire/maven-surefire-plugin/xsd/surefire-test-report-3.0.xsd" version="3.0" name="com.example.MajorityElementTest" time="0.06" tests="9" errors="0" skipped="0" failures="0">
  <properties>
    <property name="java.specification.version" value="17"/>
    <property name="sun.jnu.encoding" value="UTF-8"/>
    <property name="java.class.path" value="/mnt/4A90C5F190C5E413/SagarV/Projects/pair-test/pair-test/target/test-classes:/mnt/4A90C5F190C5E413/SagarV/Projects/pair-test/pair-test/target/classes:/home/sagarv/.m2/repository/org/junit/jupiter/junit-jupiter-api/5.8.2/junit-jupiter-api-5.8.2.jar:/home/sagarv/.m2/repository/org/opentest4j/opentest4j/1.2.0/opentest4j-1.2.0.jar:/home/sagarv/.m2/repository/org/junit/platform/junit-platform-commons/1.8.2/junit-platform-commons-1.8.2.jar:/home/sagarv/.m2/repository/org/apiguardian/apiguardian-api/1.1.2/apiguardian-api-1.1.2.jar:/home/sagarv/.m2/repository/org/junit/jupiter/junit-jupiter-engine/5.8.2/junit-jupiter-engine-5.8.2.jar:/home/sagarv/.m2/repository/org/junit/platform/junit-platform-engine/1.8.2/junit-platform-engine-1.8.2.jar:"/>
    <property name="java.vm.vendor" value="Amazon.com Inc."/>
    <property name="sun.arch.data.model" value="64"/>
    <property name="java.vendor.url" value="https://aws.amazon.com/corretto/"/>
    <property name="os.name" value="Linux"/>
    <property name="java.vm.specification.version" value="17"/>
    <property name="sun.java.launcher" value="SUN_STANDARD"/>
    <property name="user.country" value="IN"/>
    <property name="sun.boot.library.path" value="/home/sagarv/.sdkman/candidates/java/17.0.9-amzn/lib"/>
    <property name="sun.java.command" value="/mnt/4A90C5F190C5E413/SagarV/Projects/pair-test/pair-test/target/surefire/surefirebooter-20231129175120197_3.jar /mnt/4A90C5F190C5E413/SagarV/Projects/pair-test/pair-test/target/surefire 2023-11-29T17-51-20_105-jvmRun1 surefire-20231129175120197_1tmp surefire_0-20231129175120197_2tmp"/>
    <property name="jdk.debug" value="release"/>
    <property name="surefire.test.class.path" value="/mnt/4A90C5F190C5E413/SagarV/Projects/pair-test/pair-test/target/test-classes:/mnt/4A90C5F190C5E413/SagarV/Projects/pair-test/pair-test/target/classes:/home/sagarv/.m2/repository/org/junit/jupiter/junit-jupiter-api/5.8.2/junit-jupiter-api-5.8.2.jar:/home/sagarv/.m2/repository/org/opentest4j/opentest4j/1.2.0/opentest4j-1.2.0.jar:/home/sagarv/.m2/repository/org/junit/platform/junit-platform-commons/1.8.2/junit-platform-commons-1.8.2.jar:/home/sagarv/.m2/repository/org/apiguardian/apiguardian-api/1.1.2/apiguardian-api-1.1.2.jar:/home/sagarv/.m2/repository/org/junit/jupiter/junit-jupiter-engine/5.8.2/junit-jupiter-engine-5.8.2.jar:/home/sagarv/.m2/repository/org/junit/platform/junit-platform-engine/1.8.2/junit-platform-engine-1.8.2.jar:"/>
    <property name="sun.cpu.endian" value="little"/>
    <property name="user.home" value="/home/sagarv"/>
    <property name="user.language" value="en"/>
    <property name="java.specification.vendor" value="Oracle Corporation"/>
    <property name="java.version.date" value="2023-10-17"/>
    <property name="java.home" value="/home/sagarv/.sdkman/candidates/java/17.0.9-amzn"/>
    <property name="file.separator" value="/"/>
    <property name="basedir" value="/mnt/4A90C5F190C5E413/SagarV/Projects/pair-test/pair-test"/>
    <property name="java.vm.compressedOopsMode" value="32-bit"/>
    <property name="line.separator" value="&#10;"/>
    <property name="java.vm.specification.vendor" value="Oracle Corporation"/>
    <property name="java.specification.name" value="Java Platform API Specification"/>
    <property name="surefire.real.class.path" value="/mnt/4A90C5F190C5E413/SagarV/Projects/pair-test/pair-test/target/surefire/surefirebooter-20231129175120197_3.jar"/>
    <property name="sun.management.compiler" value="HotSpot 64-Bit Tiered Compilers"/>
    <property name="java.runtime.version" value="17.0.9+8-LTS"/>
    <property name="user.name" value="sagarv"/>
    <property name="path.separator" value=":"/>
    <property name="os.version" value="6.2.0-37-generic"/>
    <property name="java.runtime.name" value="OpenJDK Runtime Environment"/>
    <property name="file.encoding" value="UTF-8"/>
    <property name="java.vm.name" value="OpenJDK 64-Bit Server VM"/>
    <property name="java.vendor.version" value="Corretto-17.0.9.8.1"/>
    <property name="localRepository" value="/home/sagarv/.m2/repository"/>
    <property name="java.vendor.url.bug" value="https://github.com/corretto/corretto-17/issues/"/>
    <property name="java.io.tmpdir" value="/tmp"/>
    <property name="java.version" value="17.0.9"/>
    <property name="user.dir" value="/mnt/4A90C5F190C5E413/SagarV/Projects/pair-test/pair-test"/>
    <property name="os.arch" value="amd64"/>
    <property name="java.vm.specification.name" value="Java Virtual Machine Specification"/>
    <property name="native.encoding" value="UTF-8"/>
    <property name="java.library.path" value="/usr/java/packages/lib:/usr/lib64:/lib64:/lib:/usr/lib"/>
    <property name="java.vm.info" value="mixed mode, sharing"/>
    <property name="java.vendor" value="Amazon.com Inc."/>
    <property name="java.vm.version" value="17.0.9+8-LTS"/>
    <property name="sun.io.unicode.encoding" value="UnicodeLittle"/>
    <property name="java.class.version" value="61.0"/>
  </properties>
  <testcase name="testUsingLargeNumbers" classname="com.example.MajorityElementTest" time="0.027"/>
  <testcase name="testUsingOneElement" classname="com.example.MajorityElementTest" time="0.002"/>
  <testcase name="testUsingEmptyArray" classname="com.example.MajorityElementTest" time="0.001"/>
  <testcase name="testUsingNull" classname="com.example.MajorityElementTest" time="0.0"/>
  <testcase name="testUsingZero" classname="com.example.MajorityElementTest" time="0.001"/>
  <testcase name="testUsingTwoElements" classname="com.example.MajorityElementTest" time="0.001"/>
  <testcase name="testUsingThreeElements" classname="com.example.MajorityElementTest" time="0.001"/>
  <testcase name="testUsingNegativeValues" classname="com.example.MajorityElementTest" time="0.001"/>
  <testcase name="testFindMajorityElement" classname="com.example.MajorityElementTest" time="0.001"/>
</testsuite>